2023-11-08T09:41:41.509031Z 0 [System] [MY-015015] [Server] MySQL Server - start.
2023-11-08T09:41:41.691971Z 0 [Warning] [MY-011068] [Server] The syntax '--skip-host-cache' is deprecated and will be removed in a future release. Please use SET GLOBAL host_cache_size=0 instead.
2023-11-08T09:41:41.695661Z 0 [Warning] [MY-010918] [Server] 'default_authentication_plugin' is deprecated and will be removed in a future release. Please use authentication_policy instead.
2023-11-08T09:41:41.695703Z 0 [System] [MY-010116] [Server] /usr/sbin/mysqld (mysqld 8.2.0) starting as process 125
2023-11-08T09:41:41.698971Z 0 [Warning] [MY-010159] [Server] Setting lower_case_table_names=2 because file system for /var/lib/mysql/ is case insensitive
2023-11-08T09:41:41.719357Z 1 [System] [MY-013576] [InnoDB] InnoDB initialization has started.
2023-11-08T09:41:42.228761Z 1 [System] [MY-013577] [InnoDB] InnoDB initialization has ended.
2023-11-08T09:41:42.534804Z 0 [Warning] [MY-010068] [Server] CA certificate ca.pem is self signed.
2023-11-08T09:41:42.535734Z 0 [System] [MY-013602] [Server] Channel mysql_main configured to support TLS. Encrypted connections are now supported for this channel.
2023-11-08T09:41:42.541435Z 0 [Warning] [MY-011810] [Server] Insecure configuration for --pid-file: Location '/var/run/mysqld' in the path is accessible to all OS users. Consider choosing a different directory.
2023-11-08T09:41:42.589660Z 0 [System] [MY-011323] [Server] X Plugin ready for connections. Socket: /var/run/mysqld/mysqlx.sock
2023-11-08T09:41:42.589785Z 0 [System] [MY-010931] [Server] /usr/sbin/mysqld: ready for connections. Version: '8.2.0'  socket: '/var/run/mysqld/mysqld.sock'  port: 0  MySQL Community Server - GPL.
2023-11-08T09:41:42.654287Z 8 [Warning] [MY-013360] [Server] Plugin mysql_native_password reported: ''mysql_native_password' is deprecated and will be removed in a future release. Please use caching_sha2_password instead'
2023-11-08T09:41:44.002237Z 9 [Warning] [MY-013360] [Server] Plugin mysql_native_password reported: ''mysql_native_password' is deprecated and will be removed in a future release. Please use caching_sha2_password instead'
2023-11-08T09:41:44.003339Z 9 [Warning] [MY-013360] [Server] Plugin mysql_native_password reported: ''mysql_native_password' is deprecated and will be removed in a future release. Please use caching_sha2_password instead'
2023-11-08T09:41:44.006183Z 9 [Warning] [MY-013360] [Server] Plugin mysql_native_password reported: ''mysql_native_password' is deprecated and will be removed in a future release. Please use caching_sha2_password instead'
2023-11-08T09:41:44.017807Z 10 [Warning] [MY-013360] [Server] Plugin mysql_native_password reported: ''mysql_native_password' is deprecated and will be removed in a future release. Please use caching_sha2_password instead'
2023-11-08T09:41:44.028288Z 11 [Warning] [MY-013360] [Server] Plugin mysql_native_password reported: ''mysql_native_password' is deprecated and will be removed in a future release. Please use caching_sha2_password instead'
2023-11-08T09:41:44.029381Z 11 [Warning] [MY-013360] [Server] Plugin mysql_native_password reported: ''mysql_native_password' is deprecated and will be removed in a future release. Please use caching_sha2_password instead'
2023-11-08T09:41:44.038739Z 12 [Warning] [MY-013360] [Server] Plugin mysql_native_password reported: ''mysql_native_password' is deprecated and will be removed in a future release. Please use caching_sha2_password instead'
2023-11-08T09:41:44.048460Z 13 [Warning] [MY-013360] [Server] Plugin mysql_native_password reported: ''mysql_native_password' is deprecated and will be removed in a future release. Please use caching_sha2_password instead'
2023-11-08T09:41:44.354822Z 14 [Warning] [MY-013360] [Server] Plugin mysql_native_password reported: ''mysql_native_password' is deprecated and will be removed in a future release. Please use caching_sha2_password instead'
2023-11-08T09:41:44.360052Z 14 [System] [MY-013172] [Server] Received SHUTDOWN from user root. Shutting down mysqld (Version: 8.2.0).
2023-11-08T09:41:46.380640Z 0 [System] [MY-010910] [Server] /usr/sbin/mysqld: Shutdown complete (mysqld 8.2.0)  MySQL Community Server - GPL.
2023-11-08T09:41:46.385977Z 0 [System] [MY-015016] [Server] MySQL Server - end.
